		Initializing .... 

Total memory allocated = 5448052
		Begin Printing Seed information

Seed point: 14 9 	Path 0 0 	User path -1 -1 -1

---------------------

Print path: 



[14 9] 

		Begin Printing Seed information

Seed point: 14 9 	Path 0 8 	User path 0 163 0

Seed point: 6 12 	Path 9 9 	User path 163 163 163

---------------------

Print path: 



[14 9] [13 10] [12 11] [11 12] [10 12] [9 12] [8 12] 
[7 12] [6 12] [6 12] 

		Begin Printing Seed information

Seed point: 14 9 	Path 0 8 	User path 0 163 0

Seed point: 6 12 	Path 9 9 	User path 163 164 163

Seed point: 6 12 	Path 10 10 	User path 164 164 164

---------------------

Print path: 



[14 9] [13 10] [12 11] [11 12] [10 12] [9 12] [8 12] 
[7 12] [6 12] [6 12] [6 12] 

		Begin Printing Seed information

Seed point: 14 9 	Path 0 8 	User path 0 163 0

Seed point: 6 12 	Path 9 9 	User path 163 164 163

Seed point: 6 12 	Path 10 23 	User path 164 241 164

Seed point: 8 25 	Path 24 24 	User path 241 241 241

---------------------

Print path: 



[14 9] [13 10] [12 11] [11 12] [10 12] [9 12] [8 12] 
[7 12] [6 12] [6 12] [6 12] [7 13] [8 14] [8 15] 
[8 16] [8 17] [8 18] [8 19] [8 20] [8 21] [8 22] 
[8 23] [8 24] [8 25] [8 25] 

		Begin Printing Seed information

Seed point: 14 9 	Path 0 8 	User path 0 163 0

Seed point: 6 12 	Path 9 9 	User path 163 164 163

Seed point: 6 12 	Path 10 23 	User path 164 241 164

Seed point: 8 25 	Path 24 26 	User path 241 248 241

Seed point: 10 25 	Path 27 27 	User path 248 248 248

---------------------

Print path: 



[14 9] [13 10] [12 11] [11 12] [10 12] [9 12] [8 12] 
[7 12] [6 12] [6 12] [6 12] [7 13] [8 14] [8 15] 
[8 16] [8 17] [8 18] [8 19] [8 20] [8 21] [8 22] 
[8 23] [8 24] [8 25] [8 25] [9 25] [10 25] [10 25] 

		Begin Printing Seed information

Seed point: 14 9 	Path 0 8 	User path 0 163 0

Seed point: 6 12 	Path 9 9 	User path 163 164 163

Seed point: 6 12 	Path 10 23 	User path 164 241 164

Seed point: 8 25 	Path 24 26 	User path 241 248 241

Seed point: 10 25 	Path 27 31 	User path 248 278 248

Seed point: 14 24 	Path 32 32 	User path 278 278 278

---------------------

Print path: 



[14 9] [13 10] [12 11] [11 12] [10 12] [9 12] [8 12] 
[7 12] [6 12] [6 12] [6 12] [7 13] [8 14] [8 15] 
[8 16] [8 17] [8 18] [8 19] [8 20] [8 21] [8 22] 
[8 23] [8 24] [8 25] [8 25] [9 25] [10 25] [10 25] 
[11 25] [12 25] [13 25] [14 24] [14 24] 

		Begin Printing Seed information

Seed point: 14 9 	Path 0 8 	User path 0 163 0

Seed point: 6 12 	Path 9 9 	User path 163 164 163

Seed point: 6 12 	Path 10 23 	User path 164 241 164

Seed point: 8 25 	Path 24 26 	User path 241 248 241

Seed point: 10 25 	Path 27 31 	User path 248 278 248

Seed point: 14 24 	Path 32 33 	User path 278 279 278

Seed point: 14 25 	Path 34 34 	User path 279 279 279

---------------------

Print path: 



[14 9] [13 10] [12 11] [11 12] [10 12] [9 12] [8 12] 
[7 12] [6 12] [6 12] [6 12] [7 13] [8 14] [8 15] 
[8 16] [8 17] [8 18] [8 19] [8 20] [8 21] [8 22] 
[8 23] [8 24] [8 25] [8 25] [9 25] [10 25] [10 25] 
[11 25] [12 25] [13 25] [14 24] [14 24] [14 25] [14 25] 

		Begin Printing Seed information

Seed point: 14 9 	Path 0 8 	User path 0 163 0

Seed point: 6 12 	Path 9 9 	User path 163 164 163

Seed point: 6 12 	Path 10 23 	User path 164 241 164

Seed point: 8 25 	Path 24 26 	User path 241 248 241

Seed point: 10 25 	Path 27 31 	User path 248 278 248

Seed point: 14 24 	Path 32 33 	User path 278 279 278

Seed point: 14 25 	Path 34 54 	User path 279 496 279

Seed point: 29 14 	Path 55 55 	User path 533 533 533

---------------------

Print path: 



[14 9] [13 10] [12 11] [11 12] [10 12] [9 12] [8 12] 
[7 12] [6 12] [6 12] [6 12] [7 13] [8 14] [8 15] 
[8 16] [8 17] [8 18] [8 19] [8 20] [8 21] [8 22] 
[8 23] [8 24] [8 25] [8 25] [9 25] [10 25] [10 25] 
[11 25] [12 25] [13 25] [14 24] [14 24] [14 25] [14 25] 
[15 26] [16 27] [17 28] [18 29] [19 29] [20 28] [21 27] 
[22 26] [22 25] [23 24] [24 23] [25 22] [26 21] [27 20] 
[28 19] [29 18] [29 17] [29 16] [29 15] [29 14] [29 14] 

		Begin Printing Seed information

Seed point: 14 9 	Path 0 8 	User path 0 163 0

Seed point: 6 12 	Path 9 9 	User path 163 164 163

Seed point: 6 12 	Path 10 23 	User path 164 241 164

Seed point: 8 25 	Path 24 26 	User path 241 248 241

Seed point: 10 25 	Path 27 31 	User path 248 278 248

Seed point: 14 24 	Path 32 33 	User path 278 279 278

Seed point: 14 25 	Path 34 54 	User path 279 496 279

Seed point: 29 14 	Path 55 74 	User path 496 684 496

Seed point: 12 11 	Path 75 75 	User path 684 684 684

---------------------

Print path: 



[14 9] [13 10] [12 11] [11 12] [10 12] [9 12] [8 12] 
[7 12] [6 12] [6 12] [6 12] [7 13] [8 14] [8 15] 
[8 16] [8 17] [8 18] [8 19] [8 20] [8 21] [8 22] 
[8 23] [8 24] [8 25] [8 25] [9 25] [10 25] [10 25] 
[11 25] [12 25] [13 25] [14 24] [14 24] [14 25] [14 25] 
[15 26] [16 27] [17 28] [18 29] [19 29] [20 28] [21 27] 
[22 26] [22 25] [23 24] [24 23] [25 22] [26 21] [27 20] 
[28 19] [29 18] [29 17] [29 16] [29 15] [29 14] [29 14] 
[28 13] [27 12] [26 11] [25 10] [24 9] [23 8] [22 8] 
[21 7] [20 6] [19 6] [18 5] [17 5] [16 5] [15 6] 
[14 7] [14 8] [14 9] [13 10] [12 11] [12 11] 

		Begin Printing Seed information

Seed point: 14 9 	Path 0 8 	User path 0 163 0

Seed point: 6 12 	Path 9 9 	User path 163 164 163

Seed point: 6 12 	Path 10 23 	User path 164 241 164

Seed point: 8 25 	Path 24 26 	User path 241 248 241

Seed point: 10 25 	Path 27 31 	User path 248 278 248

Seed point: 14 24 	Path 32 33 	User path 278 279 278

Seed point: 14 25 	Path 34 54 	User path 279 496 279

Seed point: 29 14 	Path 55 74 	User path 496 684 496

Seed point: 12 11 	Path 75 90 	User path 684 783 684

Seed point: 12 26 	Path 91 91 	User path 783 783 783

---------------------

Print path: 



[14 9] [13 10] [12 11] [11 12] [10 12] [9 12] [8 12] 
[7 12] [6 12] [6 12] [6 12] [7 13] [8 14] [8 15] 
[8 16] [8 17] [8 18] [8 19] [8 20] [8 21] [8 22] 
[8 23] [8 24] [8 25] [8 25] [9 25] [10 25] [10 25] 
[11 25] [12 25] [13 25] [14 24] [14 24] [14 25] [14 25] 
[15 26] [16 27] [17 28] [18 29] [19 29] [20 28] [21 27] 
[22 26] [22 25] [23 24] [24 23] [25 22] [26 21] [27 20] 
[28 19] [29 18] [29 17] [29 16] [29 15] [29 14] [29 14] 
[28 13] [27 12] [26 11] [25 10] [24 9] [23 8] [22 8] 
[21 7] [20 6] [19 6] [18 5] [17 5] [16 5] [15 6] 
[14 7] [14 8] [14 9] [13 10] [12 11] [12 11] [13 12] 
[13 13] [13 14] [13 15] [13 16] [13 17] [13 18] [13 19] 
[13 20] [13 21] [14 22] [14 23] [14 24] [13 25] [12 26] 
[12 26] 

		Begin Printing Seed information

Seed point: 14 9 	Path 0 8 	User path 0 163 0

Seed point: 6 12 	Path 9 9 	User path 163 164 163

Seed point: 6 12 	Path 10 23 	User path 164 241 164

Seed point: 8 25 	Path 24 26 	User path 241 248 241

Seed point: 10 25 	Path 27 31 	User path 248 278 248

Seed point: 14 24 	Path 32 33 	User path 278 279 278

Seed point: 14 25 	Path 34 54 	User path 279 496 279

Seed point: 29 14 	Path 55 74 	User path 496 684 496

Seed point: 12 11 	Path 75 90 	User path 684 783 684

Seed point: 12 26 	Path 91 95 	User path 783 806 783

Seed point: 9 30 	Path 96 96 	User path 806 806 806

---------------------

Print path: 



[14 9] [13 10] [12 11] [11 12] [10 12] [9 12] [8 12] 
[7 12] [6 12] [6 12] [6 12] [7 13] [8 14] [8 15] 
[8 16] [8 17] [8 18] [8 19] [8 20] [8 21] [8 22] 
[8 23] [8 24] [8 25] [8 25] [9 25] [10 25] [10 25] 
[11 25] [12 25] [13 25] [14 24] [14 24] [14 25] [14 25] 
[15 26] [16 27] [17 28] [18 29] [19 29] [20 28] [21 27] 
[22 26] [22 25] [23 24] [24 23] [25 22] [26 21] [27 20] 
[28 19] [29 18] [29 17] [29 16] [29 15] [29 14] [29 14] 
[28 13] [27 12] [26 11] [25 10] [24 9] [23 8] [22 8] 
[21 7] [20 6] [19 6] [18 5] [17 5] [16 5] [15 6] 
[14 7] [14 8] [14 9] [13 10] [12 11] [12 11] [13 12] 
[13 13] [13 14] [13 15] [13 16] [13 17] [13 18] [13 19] 
[13 20] [13 21] [14 22] [14 23] [14 24] [13 25] [12 26] 
[12 26] [12 27] [11 28] [10 29] [9 30] [9 30] 

		Begin Printing Seed information

Seed point: 14 9 	Path 0 8 	User path 0 163 0

Seed point: 6 12 	Path 9 9 	User path 163 164 163

Seed point: 6 12 	Path 10 23 	User path 164 241 164

Seed point: 8 25 	Path 24 26 	User path 241 248 241

Seed point: 10 25 	Path 27 31 	User path 248 278 248

Seed point: 14 24 	Path 32 33 	User path 278 279 278

Seed point: 14 25 	Path 34 54 	User path 279 496 279

Seed point: 29 14 	Path 55 74 	User path 496 684 496

Seed point: 12 11 	Path 75 90 	User path 684 783 684

Seed point: 12 26 	Path 91 95 	User path 783 806 783

Seed point: 9 30 	Path 96 106 	User path 806 836 806

Seed point: 7 20 	Path 107 107 	User path 836 836 836

---------------------

Print path: 



[14 9] [13 10] [12 11] [11 12] [10 12] [9 12] [8 12] 
[7 12] [6 12] [6 12] [6 12] [7 13] [8 14] [8 15] 
[8 16] [8 17] [8 18] [8 19] [8 20] [8 21] [8 22] 
[8 23] [8 24] [8 25] [8 25] [9 25] [10 25] [10 25] 
[11 25] [12 25] [13 25] [14 24] [14 24] [14 25] [14 25] 
[15 26] [16 27] [17 28] [18 29] [19 29] [20 28] [21 27] 
[22 26] [22 25] [23 24] [24 23] [25 22] [26 21] [27 20] 
[28 19] [29 18] [29 17] [29 16] [29 15] [29 14] [29 14] 
[28 13] [27 12] [26 11] [25 10] [24 9] [23 8] [22 8] 
[21 7] [20 6] [19 6] [18 5] [17 5] [16 5] [15 6] 
[14 7] [14 8] [14 9] [13 10] [12 11] [12 11] [13 12] 
[13 13] [13 14] [13 15] [13 16] [13 17] [13 18] [13 19] 
[13 20] [13 21] [14 22] [14 23] [14 24] [13 25] [12 26] 
[12 26] [12 27] [11 28] [10 29] [9 30] [9 30] [9 29] 
[9 28] [9 27] [9 26] [9 25] [9 24] [9 23] [8 22] 
[8 21] [7 20] [7 20] 

		Begin Printing Seed information

Seed point: 14 9 	Path 0 8 	User path 0 163 0

Seed point: 6 12 	Path 9 9 	User path 163 164 163

Seed point: 6 12 	Path 10 23 	User path 164 241 164

Seed point: 8 25 	Path 24 26 	User path 241 248 241

Seed point: 10 25 	Path 27 31 	User path 248 278 248

Seed point: 14 24 	Path 32 33 	User path 278 279 278

Seed point: 14 25 	Path 34 54 	User path 279 496 279

Seed point: 29 14 	Path 55 74 	User path 496 684 496

Seed point: 12 11 	Path 75 90 	User path 684 783 684

Seed point: 12 26 	Path 91 95 	User path 783 806 783

Seed point: 9 30 	Path 96 106 	User path 806 836 806

Seed point: 7 20 	Path 107 128 	User path 836 991 836

Seed point: 18 4 	Path 129 129 	User path 1017 1017 1017

---------------------

Print path: 



[14 9] [13 10] [12 11] [11 12] [10 12] [9 12] [8 12] 
[7 12] [6 12] [6 12] [6 12] [7 13] [8 14] [8 15] 
[8 16] [8 17] [8 18] [8 19] [8 20] [8 21] [8 22] 
[8 23] [8 24] [8 25] [8 25] [9 25] [10 25] [10 25] 
[11 25] [12 25] [13 25] [14 24] [14 24] [14 25] [14 25] 
[15 26] [16 27] [17 28] [18 29] [19 29] [20 28] [21 27] 
[22 26] [22 25] [23 24] [24 23] [25 22] [26 21] [27 20] 
[28 19] [29 18] [29 17] [29 16] [29 15] [29 14] [29 14] 
[28 13] [27 12] [26 11] [25 10] [24 9] [23 8] [22 8] 
[21 7] [20 6] [19 6] [18 5] [17 5] [16 5] [15 6] 
[14 7] [14 8] [14 9] [13 10] [12 11] [12 11] [13 12] 
[13 13] [13 14] [13 15] [13 16] [13 17] [13 18] [13 19] 
[13 20] [13 21] [14 22] [14 23] [14 24] [13 25] [12 26] 
[12 26] [12 27] [11 28] [10 29] [9 30] [9 30] [9 29] 
[9 28] [9 27] [9 26] [9 25] [9 24] [9 23] [8 22] 
[8 21] [7 20] [7 20] [7 19] [7 18] [7 17] [7 16] 
[7 15] [7 14] [7 13] [7 12] [7 11] [7 10] [8 9] 
[9 8] [10 7] [11 6] [12 5] [13 4] [14 4] [15 4] 
[16 4] [17 4] [18 4] [18 4] 

		Begin Printing Seed information

Seed point: 14 9 	Path 0 8 	User path 0 163 0

Seed point: 6 12 	Path 9 9 	User path 163 164 163

Seed point: 6 12 	Path 10 23 	User path 164 241 164

Seed point: 8 25 	Path 24 26 	User path 241 248 241

Seed point: 10 25 	Path 27 31 	User path 248 278 248

Seed point: 14 24 	Path 32 33 	User path 278 279 278

Seed point: 14 25 	Path 34 54 	User path 279 496 279

Seed point: 29 14 	Path 55 74 	User path 496 684 496

Seed point: 12 11 	Path 75 90 	User path 684 783 684

Seed point: 12 26 	Path 91 95 	User path 783 806 783

Seed point: 9 30 	Path 96 106 	User path 806 836 806

Seed point: 7 20 	Path 107 128 	User path 836 991 836

Seed point: 18 4 	Path 129 151 	User path 991 1171 991

Seed point: 30 25 	Path 152 152 	User path 1191 1191 1191

---------------------

Print path: 



[14 9] [13 10] [12 11] [11 12] [10 12] [9 12] [8 12] 
[7 12] [6 12] [6 12] [6 12] [7 13] [8 14] [8 15] 
[8 16] [8 17] [8 18] [8 19] [8 20] [8 21] [8 22] 
[8 23] [8 24] [8 25] [8 25] [9 25] [10 25] [10 25] 
[11 25] [12 25] [13 25] [14 24] [14 24] [14 25] [14 25] 
[15 26] [16 27] [17 28] [18 29] [19 29] [20 28] [21 27] 
[22 26] [22 25] [23 24] [24 23] [25 22] [26 21] [27 20] 
[28 19] [29 18] [29 17] [29 16] [29 15] [29 14] [29 14] 
[28 13] [27 12] [26 11] [25 10] [24 9] [23 8] [22 8] 
[21 7] [20 6] [19 6] [18 5] [17 5] [16 5] [15 6] 
[14 7] [14 8] [14 9] [13 10] [12 11] [12 11] [13 12] 
[13 13] [13 14] [13 15] [13 16] [13 17] [13 18] [13 19] 
[13 20] [13 21] [14 22] [14 23] [14 24] [13 25] [12 26] 
[12 26] [12 27] [11 28] [10 29] [9 30] [9 30] [9 29] 
[9 28] [9 27] [9 26] [9 25] [9 24] [9 23] [8 22] 
[8 21] [7 20] [7 20] [7 19] [7 18] [7 17] [7 16] 
[7 15] [7 14] [7 13] [7 12] [7 11] [7 10] [8 9] 
[9 8] [10 7] [11 6] [12 5] [13 4] [14 4] [15 4] 
[16 4] [17 4] [18 4] [18 4] [19 5] [20 5] [21 6] 
[22 7] [23 8] [24 9] [25 10] [25 11] [26 12] [27 13] 
[28 14] [29 15] [30 16] [30 17] [30 18] [30 19] [30 20] 
[30 21] [30 22] [30 23] [30 24] [30 25] [30 25] 

		Begin Printing Seed information

Seed point: 14 9 	Path 0 8 	User path 0 163 0

Seed point: 6 12 	Path 9 9 	User path 163 164 163

Seed point: 6 12 	Path 10 23 	User path 164 241 164

Seed point: 8 25 	Path 24 26 	User path 241 248 241

Seed point: 10 25 	Path 27 31 	User path 248 278 248

Seed point: 14 24 	Path 32 33 	User path 278 279 278

Seed point: 14 25 	Path 34 54 	User path 279 496 279

Seed point: 29 14 	Path 55 74 	User path 496 684 496

Seed point: 12 11 	Path 75 90 	User path 684 783 684

Seed point: 12 26 	Path 91 95 	User path 783 806 783

Seed point: 9 30 	Path 96 106 	User path 806 836 806

Seed point: 7 20 	Path 107 128 	User path 836 991 836

Seed point: 18 4 	Path 129 151 	User path 991 1171 991

Seed point: 30 25 	Path 152 172 	User path 1171 1308 1171

Seed point: 10 31 	Path 173 173 	User path 1328 1328 1328

---------------------

Print path: 



[14 9] [13 10] [12 11] [11 12] [10 12] [9 12] [8 12] 
[7 12] [6 12] [6 12] [6 12] [7 13] [8 14] [8 15] 
[8 16] [8 17] [8 18] [8 19] [8 20] [8 21] [8 22] 
[8 23] [8 24] [8 25] [8 25] [9 25] [10 25] [10 25] 
[11 25] [12 25] [13 25] [14 24] [14 24] [14 25] [14 25] 
[15 26] [16 27] [17 28] [18 29] [19 29] [20 28] [21 27] 
[22 26] [22 25] [23 24] [24 23] [25 22] [26 21] [27 20] 
[28 19] [29 18] [29 17] [29 16] [29 15] [29 14] [29 14] 
[28 13] [27 12] [26 11] [25 10] [24 9] [23 8] [22 8] 
[21 7] [20 6] [19 6] [18 5] [17 5] [16 5] [15 6] 
[14 7] [14 8] [14 9] [13 10] [12 11] [12 11] [13 12] 
[13 13] [13 14] [13 15] [13 16] [13 17] [13 18] [13 19] 
[13 20] [13 21] [14 22] [14 23] [14 24] [13 25] [12 26] 
[12 26] [12 27] [11 28] [10 29] [9 30] [9 30] [9 29] 
[9 28] [9 27] [9 26] [9 25] [9 24] [9 23] [8 22] 
[8 21] [7 20] [7 20] [7 19] [7 18] [7 17] [7 16] 
[7 15] [7 14] [7 13] [7 12] [7 11] [7 10] [8 9] 
[9 8] [10 7] [11 6] [12 5] [13 4] [14 4] [15 4] 
[16 4] [17 4] [18 4] [18 4] [19 5] [20 5] [21 6] 
[22 7] [23 8] [24 9] [25 10] [25 11] [26 12] [27 13] 
[28 14] [29 15] [30 16] [30 17] [30 18] [30 19] [30 20] 
[30 21] [30 22] [30 23] [30 24] [30 25] [30 25] [29 25] 
[28 25] [27 26] [26 27] [25 28] [24 28] [23 29] [22 30] 
[21 30] [20 30] [19 30] [18 30] [17 30] [16 31] [15 31] 
[14 31] [13 31] [12 31] [11 31] [10 31] [10 31] 

		Begin Printing Seed information

Seed point: 14 9 	Path 0 8 	User path 0 163 0

Seed point: 6 12 	Path 9 9 	User path 163 164 163

Seed point: 6 12 	Path 10 23 	User path 164 241 164

Seed point: 8 25 	Path 24 26 	User path 241 248 241

Seed point: 10 25 	Path 27 31 	User path 248 278 248

Seed point: 14 24 	Path 32 33 	User path 278 279 278

Seed point: 14 25 	Path 34 54 	User path 279 496 279

Seed point: 29 14 	Path 55 74 	User path 496 684 496

Seed point: 12 11 	Path 75 90 	User path 684 783 684

Seed point: 12 26 	Path 91 95 	User path 783 806 783

Seed point: 9 30 	Path 96 106 	User path 806 836 806

Seed point: 7 20 	Path 107 128 	User path 836 991 836

Seed point: 18 4 	Path 129 151 	User path 991 1171 991

Seed point: 30 25 	Path 152 172 	User path 1171 1308 1171

Seed point: 10 31 	Path 173 193 	User path 1308 1431 1308

Seed point: 3 13 	Path 194 194 	User path 1451 1451 1451

---------------------

Print path: 



[14 9] [13 10] [12 11] [11 12] [10 12] [9 12] [8 12] 
[7 12] [6 12] [6 12] [6 12] [7 13] [8 14] [8 15] 
[8 16] [8 17] [8 18] [8 19] [8 20] [8 21] [8 22] 
[8 23] [8 24] [8 25] [8 25] [9 25] [10 25] [10 25] 
[11 25] [12 25] [13 25] [14 24] [14 24] [14 25] [14 25] 
[15 26] [16 27] [17 28] [18 29] [19 29] [20 28] [21 27] 
[22 26] [22 25] [23 24] [24 23] [25 22] [26 21] [27 20] 
[28 19] [29 18] [29 17] [29 16] [29 15] [29 14] [29 14] 
[28 13] [27 12] [26 11] [25 10] [24 9] [23 8] [22 8] 
[21 7] [20 6] [19 6] [18 5] [17 5] [16 5] [15 6] 
[14 7] [14 8] [14 9] [13 10] [12 11] [12 11] [13 12] 
[13 13] [13 14] [13 15] [13 16] [13 17] [13 18] [13 19] 
[13 20] [13 21] [14 22] [14 23] [14 24] [13 25] [12 26] 
[12 26] [12 27] [11 28] [10 29] [9 30] [9 30] [9 29] 
[9 28] [9 27] [9 26] [9 25] [9 24] [9 23] [8 22] 
[8 21] [7 20] [7 20] [7 19] [7 18] [7 17] [7 16] 
[7 15] [7 14] [7 13] [7 12] [7 11] [7 10] [8 9] 
[9 8] [10 7] [11 6] [12 5] [13 4] [14 4] [15 4] 
[16 4] [17 4] [18 4] [18 4] [19 5] [20 5] [21 6] 
[22 7] [23 8] [24 9] [25 10] [25 11] [26 12] [27 13] 
[28 14] [29 15] [30 16] [30 17] [30 18] [30 19] [30 20] 
[30 21] [30 22] [30 23] [30 24] [30 25] [30 25] [29 25] 
[28 25] [27 26] [26 27] [25 28] [24 28] [23 29] [22 30] 
[21 30] [20 30] [19 30] [18 30] [17 30] [16 31] [15 31] 
[14 31] [13 31] [12 31] [11 31] [10 31] [10 31] [9 31] 
[8 31] [7 30] [6 29] [5 28] [4 27] [3 26] [3 25] 
[3 24] [3 23] [3 22] [3 21] [3 20] [3 19] [3 18] 
[3 17] [3 16] [3 15] [3 14] [3 13] [3 13] 

		Begin Printing Seed information

Seed point: 14 9 	Path 0 8 	User path 0 163 0

Seed point: 6 12 	Path 9 9 	User path 163 164 163

Seed point: 6 12 	Path 10 23 	User path 164 241 164

Seed point: 8 25 	Path 24 26 	User path 241 248 241

Seed point: 10 25 	Path 27 31 	User path 248 278 248

Seed point: 14 24 	Path 32 33 	User path 278 279 278

Seed point: 14 25 	Path 34 54 	User path 279 496 279

Seed point: 29 14 	Path 55 74 	User path 496 684 496

Seed point: 12 11 	Path 75 90 	User path 684 783 684

Seed point: 12 26 	Path 91 95 	User path 783 806 783

Seed point: 9 30 	Path 96 106 	User path 806 836 806

Seed point: 7 20 	Path 107 128 	User path 836 991 836

Seed point: 18 4 	Path 129 151 	User path 991 1171 991

Seed point: 30 25 	Path 152 172 	User path 1171 1308 1171

Seed point: 10 31 	Path 173 193 	User path 1308 1431 1308

Seed point: 3 13 	Path 194 214 	User path 1431 1541 1431

Seed point: 13 3 	Path 215 215 	User path 1561 1561 1561

---------------------

Print path: 



[14 9] [13 10] [12 11] [11 12] [10 12] [9 12] [8 12] 
[7 12] [6 12] [6 12] [6 12] [7 13] [8 14] [8 15] 
[8 16] [8 17] [8 18] [8 19] [8 20] [8 21] [8 22] 
[8 23] [8 24] [8 25] [8 25] [9 25] [10 25] [10 25] 
[11 25] [12 25] [13 25] [14 24] [14 24] [14 25] [14 25] 
[15 26] [16 27] [17 28] [18 29] [19 29] [20 28] [21 27] 
[22 26] [22 25] [23 24] [24 23] [25 22] [26 21] [27 20] 
[28 19] [29 18] [29 17] [29 16] [29 15] [29 14] [29 14] 
[28 13] [27 12] [26 11] [25 10] [24 9] [23 8] [22 8] 
[21 7] [20 6] [19 6] [18 5] [17 5] [16 5] [15 6] 
[14 7] [14 8] [14 9] [13 10] [12 11] [12 11] [13 12] 
[13 13] [13 14] [13 15] [13 16] [13 17] [13 18] [13 19] 
[13 20] [13 21] [14 22] [14 23] [14 24] [13 25] [12 26] 
[12 26] [12 27] [11 28] [10 29] [9 30] [9 30] [9 29] 
[9 28] [9 27] [9 26] [9 25] [9 24] [9 23] [8 22] 
[8 21] [7 20] [7 20] [7 19] [7 18] [7 17] [7 16] 
[7 15] [7 14] [7 13] [7 12] [7 11] [7 10] [8 9] 
[9 8] [10 7] [11 6] [12 5] [13 4] [14 4] [15 4] 
[16 4] [17 4] [18 4] [18 4] [19 5] [20 5] [21 6] 
[22 7] [23 8] [24 9] [25 10] [25 11] [26 12] [27 13] 
[28 14] [29 15] [30 16] [30 17] [30 18] [30 19] [30 20] 
[30 21] [30 22] [30 23] [30 24] [30 25] [30 25] [29 25] 
[28 25] [27 26] [26 27] [25 28] [24 28] [23 29] [22 30] 
[21 30] [20 30] [19 30] [18 30] [17 30] [16 31] [15 31] 
[14 31] [13 31] [12 31] [11 31] [10 31] [10 31] [9 31] 
[8 31] [7 30] [6 29] [5 28] [4 27] [3 26] [3 25] 
[3 24] [3 23] [3 22] [3 21] [3 20] [3 19] [3 18] 
[3 17] [3 16] [3 15] [3 14] [3 13] [3 13] [3 12] 
[3 11] [3 10] [3 9] [3 8] [3 7] [3 6] [3 5] 
[3 4] [3 3] [4 3] [5 3] [6 3] [7 3] [8 3] 
[9 3] [10 3] [11 3] [12 3] [13 3] [13 3] 

		Begin Printing Seed information

Seed point: 14 9 	Path 0 8 	User path 0 163 0

Seed point: 6 12 	Path 9 9 	User path 163 164 163

Seed point: 6 12 	Path 10 23 	User path 164 241 164

Seed point: 8 25 	Path 24 26 	User path 241 248 241

Seed point: 10 25 	Path 27 31 	User path 248 278 248

Seed point: 14 24 	Path 32 33 	User path 278 279 278

Seed point: 14 25 	Path 34 54 	User path 279 496 279

Seed point: 29 14 	Path 55 74 	User path 496 684 496

Seed point: 12 11 	Path 75 90 	User path 684 783 684

Seed point: 12 26 	Path 91 95 	User path 783 806 783

Seed point: 9 30 	Path 96 106 	User path 806 836 806

Seed point: 7 20 	Path 107 128 	User path 836 991 836

Seed point: 18 4 	Path 129 151 	User path 991 1171 991

Seed point: 30 25 	Path 152 172 	User path 1171 1308 1171

Seed point: 10 31 	Path 173 193 	User path 1308 1431 1308

Seed point: 3 13 	Path 194 214 	User path 1431 1541 1431

Seed point: 13 3 	Path 215 236 	User path 1541 1709 1541

Seed point: 30 16 	Path 237 237 	User path 1741 1741 1741

---------------------

Print path: 



[14 9] [13 10] [12 11] [11 12] [10 12] [9 12] [8 12] 
[7 12] [6 12] [6 12] [6 12] [7 13] [8 14] [8 15] 
[8 16] [8 17] [8 18] [8 19] [8 20] [8 21] [8 22] 
[8 23] [8 24] [8 25] [8 25] [9 25] [10 25] [10 25] 
[11 25] [12 25] [13 25] [14 24] [14 24] [14 25] [14 25] 
[15 26] [16 27] [17 28] [18 29] [19 29] [20 28] [21 27] 
[22 26] [22 25] [23 24] [24 23] [25 22] [26 21] [27 20] 
[28 19] [29 18] [29 17] [29 16] [29 15] [29 14] [29 14] 
[28 13] [27 12] [26 11] [25 10] [24 9] [23 8] [22 8] 
[21 7] [20 6] [19 6] [18 5] [17 5] [16 5] [15 6] 
[14 7] [14 8] [14 9] [13 10] [12 11] [12 11] [13 12] 
[13 13] [13 14] [13 15] [13 16] [13 17] [13 18] [13 19] 
[13 20] [13 21] [14 22] [14 23] [14 24] [13 25] [12 26] 
[12 26] [12 27] [11 28] [10 29] [9 30] [9 30] [9 29] 
[9 28] [9 27] [9 26] [9 25] [9 24] [9 23] [8 22] 
[8 21] [7 20] [7 20] [7 19] [7 18] [7 17] [7 16] 
[7 15] [7 14] [7 13] [7 12] [7 11] [7 10] [8 9] 
[9 8] [10 7] [11 6] [12 5] [13 4] [14 4] [15 4] 
[16 4] [17 4] [18 4] [18 4] [19 5] [20 5] [21 6] 
[22 7] [23 8] [24 9] [25 10] [25 11] [26 12] [27 13] 
[28 14] [29 15] [30 16] [30 17] [30 18] [30 19] [30 20] 
[30 21] [30 22] [30 23] [30 24] [30 25] [30 25] [29 25] 
[28 25] [27 26] [26 27] [25 28] [24 28] [23 29] [22 30] 
[21 30] [20 30] [19 30] [18 30] [17 30] [16 31] [15 31] 
[14 31] [13 31] [12 31] [11 31] [10 31] [10 31] [9 31] 
[8 31] [7 30] [6 29] [5 28] [4 27] [3 26] [3 25] 
[3 24] [3 23] [3 22] [3 21] [3 20] [3 19] [3 18] 
[3 17] [3 16] [3 15] [3 14] [3 13] [3 13] [3 12] 
[3 11] [3 10] [3 9] [3 8] [3 7] [3 6] [3 5] 
[3 4] [3 3] [4 3] [5 3] [6 3] [7 3] [8 3] 
[9 3] [10 3] [11 3] [12 3] [13 3] [13 3] [14 3] 
[15 3] [16 4] [17 4] [18 4] [19 4] [20 4] [21 4] 
[22 4] [23 5] [24 6] [25 7] [26 8] [26 9] [27 10] 
[28 11] [28 12] [28 13] [29 14] [29 15] [30 16] [30 16] 

		Begin Printing Seed information

Seed point: 14 9 	Path 0 8 	User path 0 163 0

Seed point: 6 12 	Path 9 9 	User path 163 164 163

Seed point: 6 12 	Path 10 23 	User path 164 241 164

Seed point: 8 25 	Path 24 26 	User path 241 248 241

Seed point: 10 25 	Path 27 31 	User path 248 278 248

Seed point: 14 24 	Path 32 33 	User path 278 279 278

Seed point: 14 25 	Path 34 54 	User path 279 496 279

Seed point: 29 14 	Path 55 74 	User path 496 684 496

Seed point: 12 11 	Path 75 90 	User path 684 783 684

Seed point: 12 26 	Path 91 95 	User path 783 806 783

Seed point: 9 30 	Path 96 106 	User path 806 836 806

Seed point: 7 20 	Path 107 128 	User path 836 991 836

Seed point: 18 4 	Path 129 151 	User path 991 1171 991

Seed point: 30 25 	Path 152 172 	User path 1171 1308 1171

Seed point: 10 31 	Path 173 193 	User path 1308 1431 1308

Seed point: 3 13 	Path 194 214 	User path 1431 1541 1431

Seed point: 13 3 	Path 215 236 	User path 1541 1709 1541

Seed point: 30 16 	Path 237 257 	User path 1709 1874 1709

Seed point: 22 32 	Path 258 258 	User path 1874 1874 1874

---------------------

Print path: 



[14 9] [13 10] [12 11] [11 12] [10 12] [9 12] [8 12] 
[7 12] [6 12] [6 12] [6 12] [7 13] [8 14] [8 15] 
[8 16] [8 17] [8 18] [8 19] [8 20] [8 21] [8 22] 
[8 23] [8 24] [8 25] [8 25] [9 25] [10 25] [10 25] 
[11 25] [12 25] [13 25] [14 24] [14 24] [14 25] [14 25] 
[15 26] [16 27] [17 28] [18 29] [19 29] [20 28] [21 27] 
[22 26] [22 25] [23 24] [24 23] [25 22] [26 21] [27 20] 
[28 19] [29 18] [29 17] [29 16] [29 15] [29 14] [29 14] 
[28 13] [27 12] [26 11] [25 10] [24 9] [23 8] [22 8] 
[21 7] [20 6] [19 6] [18 5] [17 5] [16 5] [15 6] 
[14 7] [14 8] [14 9] [13 10] [12 11] [12 11] [13 12] 
[13 13] [13 14] [13 15] [13 16] [13 17] [13 18] [13 19] 
[13 20] [13 21] [14 22] [14 23] [14 24] [13 25] [12 26] 
[12 26] [12 27] [11 28] [10 29] [9 30] [9 30] [9 29] 
[9 28] [9 27] [9 26] [9 25] [9 24] [9 23] [8 22] 
[8 21] [7 20] [7 20] [7 19] [7 18] [7 17] [7 16] 
[7 15] [7 14] [7 13] [7 12] [7 11] [7 10] [8 9] 
[9 8] [10 7] [11 6] [12 5] [13 4] [14 4] [15 4] 
[16 4] [17 4] [18 4] [18 4] [19 5] [20 5] [21 6] 
[22 7] [23 8] [24 9] [25 10] [25 11] [26 12] [27 13] 
[28 14] [29 15] [30 16] [30 17] [30 18] [30 19] [30 20] 
[30 21] [30 22] [30 23] [30 24] [30 25] [30 25] [29 25] 
[28 25] [27 26] [26 27] [25 28] [24 28] [23 29] [22 30] 
[21 30] [20 30] [19 30] [18 30] [17 30] [16 31] [15 31] 
[14 31] [13 31] [12 31] [11 31] [10 31] [10 31] [9 31] 
[8 31] [7 30] [6 29] [5 28] [4 27] [3 26] [3 25] 
[3 24] [3 23] [3 22] [3 21] [3 20] [3 19] [3 18] 
[3 17] [3 16] [3 15] [3 14] [3 13] [3 13] [3 12] 
[3 11] [3 10] [3 9] [3 8] [3 7] [3 6] [3 5] 
[3 4] [3 3] [4 3] [5 3] [6 3] [7 3] [8 3] 
[9 3] [10 3] [11 3] [12 3] [13 3] [13 3] [14 3] 
[15 3] [16 4] [17 4] [18 4] [19 4] [20 4] [21 4] 
[22 4] [23 5] [24 6] [25 7] [26 8] [26 9] [27 10] 
[28 11] [28 12] [28 13] [29 14] [29 15] [30 16] [30 16] 
[30 17] [31 18] [31 19] [31 20] [31 21] [31 22] [31 23] 
[31 24] [31 25] [31 26] [31 27] [30 28] [29 29] [28 30] 
[27 31] [26 31] [25 31] [24 31] [23 31] [22 32] [22 32] 

		Begin Printing Seed information

Seed point: 14 9 	Path 0 8 	User path 0 163 0

Seed point: 6 12 	Path 9 9 	User path 163 164 163

Seed point: 6 12 	Path 10 23 	User path 164 241 164

Seed point: 8 25 	Path 24 26 	User path 241 248 241

Seed point: 10 25 	Path 27 31 	User path 248 278 248

Seed point: 14 24 	Path 32 33 	User path 278 279 278

Seed point: 14 25 	Path 34 54 	User path 279 496 279

Seed point: 29 14 	Path 55 74 	User path 496 684 496

Seed point: 12 11 	Path 75 90 	User path 684 783 684

Seed point: 12 26 	Path 91 95 	User path 783 806 783

Seed point: 9 30 	Path 96 106 	User path 806 836 806

Seed point: 7 20 	Path 107 128 	User path 836 991 836

Seed point: 18 4 	Path 129 151 	User path 991 1171 991

Seed point: 30 25 	Path 152 172 	User path 1171 1308 1171

Seed point: 10 31 	Path 173 193 	User path 1308 1431 1308

Seed point: 3 13 	Path 194 214 	User path 1431 1541 1431

Seed point: 13 3 	Path 215 236 	User path 1541 1709 1541

Seed point: 30 16 	Path 237 257 	User path 1709 1874 1709

Seed point: 22 32 	Path 258 265 	User path 1874 1893 1874

Seed point: 15 29 	Path 266 266 	User path 1893 1893 1893

---------------------

Print path: 



[14 9] [13 10] [12 11] [11 12] [10 12] [9 12] [8 12] 
[7 12] [6 12] [6 12] [6 12] [7 13] [8 14] [8 15] 
[8 16] [8 17] [8 18] [8 19] [8 20] [8 21] [8 22] 
[8 23] [8 24] [8 25] [8 25] [9 25] [10 25] [10 25] 
[11 25] [12 25] [13 25] [14 24] [14 24] [14 25] [14 25] 
[15 26] [16 27] [17 28] [18 29] [19 29] [20 28] [21 27] 
[22 26] [22 25] [23 24] [24 23] [25 22] [26 21] [27 20] 
[28 19] [29 18] [29 17] [29 16] [29 15] [29 14] [29 14] 
[28 13] [27 12] [26 11] [25 10] [24 9] [23 8] [22 8] 
[21 7] [20 6] [19 6] [18 5] [17 5] [16 5] [15 6] 
[14 7] [14 8] [14 9] [13 10] [12 11] [12 11] [13 12] 
[13 13] [13 14] [13 15] [13 16] [13 17] [13 18] [13 19] 
[13 20] [13 21] [14 22] [14 23] [14 24] [13 25] [12 26] 
[12 26] [12 27] [11 28] [10 29] [9 30] [9 30] [9 29] 
[9 28] [9 27] [9 26] [9 25] [9 24] [9 23] [8 22] 
[8 21] [7 20] [7 20] [7 19] [7 18] [7 17] [7 16] 
[7 15] [7 14] [7 13] [7 12] [7 11] [7 10] [8 9] 
[9 8] [10 7] [11 6] [12 5] [13 4] [14 4] [15 4] 
[16 4] [17 4] [18 4] [18 4] [19 5] [20 5] [21 6] 
[22 7] [23 8] [24 9] [25 10] [25 11] [26 12] [27 13] 
[28 14] [29 15] [30 16] [30 17] [30 18] [30 19] [30 20] 
[30 21] [30 22] [30 23] [30 24] [30 25] [30 25] [29 25] 
[28 25] [27 26] [26 27] [25 28] [24 28] [23 29] [22 30] 
[21 30] [20 30] [19 30] [18 30] [17 30] [16 31] [15 31] 
[14 31] [13 31] [12 31] [11 31] [10 31] [10 31] [9 31] 
[8 31] [7 30] [6 29] [5 28] [4 27] [3 26] [3 25] 
[3 24] [3 23] [3 22] [3 21] [3 20] [3 19] [3 18] 
[3 17] [3 16] [3 15] [3 14] [3 13] [3 13] [3 12] 
[3 11] [3 10] [3 9] [3 8] [3 7] [3 6] [3 5] 
[3 4] [3 3] [4 3] [5 3] [6 3] [7 3] [8 3] 
[9 3] [10 3] [11 3] [12 3] [13 3] [13 3] [14 3] 
[15 3] [16 4] [17 4] [18 4] [19 4] [20 4] [21 4] 
[22 4] [23 5] [24 6] [25 7] [26 8] [26 9] [27 10] 
[28 11] [28 12] [28 13] [29 14] [29 15] [30 16] [30 16] 
[30 17] [31 18] [31 19] [31 20] [31 21] [31 22] [31 23] 
[31 24] [31 25] [31 26] [31 27] [30 28] [29 29] [28 30] 
[27 31] [26 31] [25 31] [24 31] [23 31] [22 32] [22 32] 
[21 32] [20 32] [19 31] [18 30] [17 30] [16 29] [15 29] 
[15 29] 

		Begin Printing Seed information

Seed point: 14 9 	Path 0 8 	User path 0 163 0

Seed point: 6 12 	Path 9 9 	User path 163 164 163

Seed point: 6 12 	Path 10 23 	User path 164 241 164

Seed point: 8 25 	Path 24 26 	User path 241 248 241

Seed point: 10 25 	Path 27 31 	User path 248 278 248

Seed point: 14 24 	Path 32 33 	User path 278 279 278

Seed point: 14 25 	Path 34 54 	User path 279 496 279

Seed point: 29 14 	Path 55 74 	User path 496 684 496

Seed point: 12 11 	Path 75 90 	User path 684 783 684

Seed point: 12 26 	Path 91 95 	User path 783 806 783

Seed point: 9 30 	Path 96 106 	User path 806 836 806

Seed point: 7 20 	Path 107 128 	User path 836 991 836

Seed point: 18 4 	Path 129 151 	User path 991 1171 991

Seed point: 30 25 	Path 152 172 	User path 1171 1308 1171

Seed point: 10 31 	Path 173 193 	User path 1308 1431 1308

Seed point: 3 13 	Path 194 214 	User path 1431 1541 1431

Seed point: 13 3 	Path 215 236 	User path 1541 1709 1541

Seed point: 30 16 	Path 237 257 	User path 1709 1874 1709

Seed point: 22 32 	Path 258 265 	User path 1874 1893 1874

Seed point: 15 29 	Path 266 291 	User path 1893 1927 1893

Seed point: 3 4 	Path 292 292 	User path 1946 1946 1946

---------------------

Print path: 



[14 9] [13 10] [12 11] [11 12] [10 12] [9 12] [8 12] 
[7 12] [6 12] [6 12] [6 12] [7 13] [8 14] [8 15] 
[8 16] [8 17] [8 18] [8 19] [8 20] [8 21] [8 22] 
[8 23] [8 24] [8 25] [8 25] [9 25] [10 25] [10 25] 
[11 25] [12 25] [13 25] [14 24] [14 24] [14 25] [14 25] 
[15 26] [16 27] [17 28] [18 29] [19 29] [20 28] [21 27] 
[22 26] [22 25] [23 24] [24 23] [25 22] [26 21] [27 20] 
[28 19] [29 18] [29 17] [29 16] [29 15] [29 14] [29 14] 
[28 13] [27 12] [26 11] [25 10] [24 9] [23 8] [22 8] 
[21 7] [20 6] [19 6] [18 5] [17 5] [16 5] [15 6] 
[14 7] [14 8] [14 9] [13 10] [12 11] [12 11] [13 12] 
[13 13] [13 14] [13 15] [13 16] [13 17] [13 18] [13 19] 
[13 20] [13 21] [14 22] [14 23] [14 24] [13 25] [12 26] 
[12 26] [12 27] [11 28] [10 29] [9 30] [9 30] [9 29] 
[9 28] [9 27] [9 26] [9 25] [9 24] [9 23] [8 22] 
[8 21] [7 20] [7 20] [7 19] [7 18] [7 17] [7 16] 
[7 15] [7 14] [7 13] [7 12] [7 11] [7 10] [8 9] 
[9 8] [10 7] [11 6] [12 5] [13 4] [14 4] [15 4] 
[16 4] [17 4] [18 4] [18 4] [19 5] [20 5] [21 6] 
[22 7] [23 8] [24 9] [25 10] [25 11] [26 12] [27 13] 
[28 14] [29 15] [30 16] [30 17] [30 18] [30 19] [30 20] 
[30 21] [30 22] [30 23] [30 24] [30 25] [30 25] [29 25] 
[28 25] [27 26] [26 27] [25 28] [24 28] [23 29] [22 30] 
[21 30] [20 30] [19 30] [18 30] [17 30] [16 31] [15 31] 
[14 31] [13 31] [12 31] [11 31] [10 31] [10 31] [9 31] 
[8 31] [7 30] [6 29] [5 28] [4 27] [3 26] [3 25] 
[3 24] [3 23] [3 22] [3 21] [3 20] [3 19] [3 18] 
[3 17] [3 16] [3 15] [3 14] [3 13] [3 13] [3 12] 
[3 11] [3 10] [3 9] [3 8] [3 7] [3 6] [3 5] 
[3 4] [3 3] [4 3] [5 3] [6 3] [7 3] [8 3] 
[9 3] [10 3] [11 3] [12 3] [13 3] [13 3] [14 3] 
[15 3] [16 4] [17 4] [18 4] [19 4] [20 4] [21 4] 
[22 4] [23 5] [24 6] [25 7] [26 8] [26 9] [27 10] 
[28 11] [28 12] [28 13] [29 14] [29 15] [30 16] [30 16] 
[30 17] [31 18] [31 19] [31 20] [31 21] [31 22] [31 23] 
[31 24] [31 25] [31 26] [31 27] [30 28] [29 29] [28 30] 
[27 31] [26 31] [25 31] [24 31] [23 31] [22 32] [22 32] 
[21 32] [20 32] [19 31] [18 30] [17 30] [16 29] [15 29] 
[15 29] [15 28] [14 27] [13 26] [12 25] [11 24] [10 23] 
[9 22] [8 21] [8 20] [8 19] [8 18] [8 17] [8 16] 
[8 15] [8 14] [8 13] [7 12] [6 11] [5 10] [4 9] 
[3 8] [3 7] [3 6] [3 5] [3 4] [3 4] 

		Begin Printing Seed information

Seed point: 14 9 	Path 0 8 	User path 0 163 0

Seed point: 6 12 	Path 9 9 	User path 163 164 163

Seed point: 6 12 	Path 10 23 	User path 164 241 164

Seed point: 8 25 	Path 24 26 	User path 241 248 241

Seed point: 10 25 	Path 27 31 	User path 248 278 248

Seed point: 14 24 	Path 32 33 	User path 278 279 278

Seed point: 14 25 	Path 34 54 	User path 279 496 279

Seed point: 29 14 	Path 55 74 	User path 496 684 496

Seed point: 12 11 	Path 75 90 	User path 684 783 684

Seed point: 12 26 	Path 91 95 	User path 783 806 783

Seed point: 9 30 	Path 96 106 	User path 806 836 806

Seed point: 7 20 	Path 107 128 	User path 836 991 836

Seed point: 18 4 	Path 129 151 	User path 991 1171 991

Seed point: 30 25 	Path 152 172 	User path 1171 1308 1171

Seed point: 10 31 	Path 173 193 	User path 1308 1431 1308

Seed point: 3 13 	Path 194 214 	User path 1431 1541 1431

Seed point: 13 3 	Path 215 236 	User path 1541 1709 1541

Seed point: 30 16 	Path 237 257 	User path 1709 1874 1709

Seed point: 22 32 	Path 258 265 	User path 1874 1893 1874

Seed point: 15 29 	Path 266 291 	User path 1893 1927 1893

Seed point: 3 4 	Path 292 293 	User path 1927 2051 1927

Seed point: 3 3 	Path 294 294 	User path 2051 2051 2051

---------------------

Print path: 



[14 9] [13 10] [12 11] [11 12] [10 12] [9 12] [8 12] 
[7 12] [6 12] [6 12] [6 12] [7 13] [8 14] [8 15] 
[8 16] [8 17] [8 18] [8 19] [8 20] [8 21] [8 22] 
[8 23] [8 24] [8 25] [8 25] [9 25] [10 25] [10 25] 
[11 25] [12 25] [13 25] [14 24] [14 24] [14 25] [14 25] 
[15 26] [16 27] [17 28] [18 29] [19 29] [20 28] [21 27] 
[22 26] [22 25] [23 24] [24 23] [25 22] [26 21] [27 20] 
[28 19] [29 18] [29 17] [29 16] [29 15] [29 14] [29 14] 
[28 13] [27 12] [26 11] [25 10] [24 9] [23 8] [22 8] 
[21 7] [20 6] [19 6] [18 5] [17 5] [16 5] [15 6] 
[14 7] [14 8] [14 9] [13 10] [12 11] [12 11] [13 12] 
[13 13] [13 14] [13 15] [13 16] [13 17] [13 18] [13 19] 
[13 20] [13 21] [14 22] [14 23] [14 24] [13 25] [12 26] 
[12 26] [12 27] [11 28] [10 29] [9 30] [9 30] [9 29] 
[9 28] [9 27] [9 26] [9 25] [9 24] [9 23] [8 22] 
[8 21] [7 20] [7 20] [7 19] [7 18] [7 17] [7 16] 
[7 15] [7 14] [7 13] [7 12] [7 11] [7 10] [8 9] 
[9 8] [10 7] [11 6] [12 5] [13 4] [14 4] [15 4] 
[16 4] [17 4] [18 4] [18 4] [19 5] [20 5] [21 6] 
[22 7] [23 8] [24 9] [25 10] [25 11] [26 12] [27 13] 
[28 14] [29 15] [30 16] [30 17] [30 18] [30 19] [30 20] 
[30 21] [30 22] [30 23] [30 24] [30 25] [30 25] [29 25] 
[28 25] [27 26] [26 27] [25 28] [24 28] [23 29] [22 30] 
[21 30] [20 30] [19 30] [18 30] [17 30] [16 31] [15 31] 
[14 31] [13 31] [12 31] [11 31] [10 31] [10 31] [9 31] 
[8 31] [7 30] [6 29] [5 28] [4 27] [3 26] [3 25] 
[3 24] [3 23] [3 22] [3 21] [3 20] [3 19] [3 18] 
[3 17] [3 16] [3 15] [3 14] [3 13] [3 13] [3 12] 
[3 11] [3 10] [3 9] [3 8] [3 7] [3 6] [3 5] 
[3 4] [3 3] [4 3] [5 3] [6 3] [7 3] [8 3] 
[9 3] [10 3] [11 3] [12 3] [13 3] [13 3] [14 3] 
[15 3] [16 4] [17 4] [18 4] [19 4] [20 4] [21 4] 
[22 4] [23 5] [24 6] [25 7] [26 8] [26 9] [27 10] 
[28 11] [28 12] [28 13] [29 14] [29 15] [30 16] [30 16] 
[30 17] [31 18] [31 19] [31 20] [31 21] [31 22] [31 23] 
[31 24] [31 25] [31 26] [31 27] [30 28] [29 29] [28 30] 
[27 31] [26 31] [25 31] [24 31] [23 31] [22 32] [22 32] 
[21 32] [20 32] [19 31] [18 30] [17 30] [16 29] [15 29] 
[15 29] [15 28] [14 27] [13 26] [12 25] [11 24] [10 23] 
[9 22] [8 21] [8 20] [8 19] [8 18] [8 17] [8 16] 
[8 15] [8 14] [8 13] [7 12] [6 11] [5 10] [4 9] 
[3 8] [3 7] [3 6] [3 5] [3 4] [3 4] [3 3] 
[3 3] 

		Begin Printing Seed information

Seed point: 14 9 	Path 0 8 	User path 0 163 0

Seed point: 6 12 	Path 9 9 	User path 163 164 163

Seed point: 6 12 	Path 10 23 	User path 164 241 164

Seed point: 8 25 	Path 24 26 	User path 241 248 241

Seed point: 10 25 	Path 27 31 	User path 248 278 248

Seed point: 14 24 	Path 32 33 	User path 278 279 278

Seed point: 14 25 	Path 34 54 	User path 279 496 279

Seed point: 29 14 	Path 55 74 	User path 496 684 496

Seed point: 12 11 	Path 75 90 	User path 684 783 684

Seed point: 12 26 	Path 91 95 	User path 783 806 783

Seed point: 9 30 	Path 96 106 	User path 806 836 806

Seed point: 7 20 	Path 107 128 	User path 836 991 836

Seed point: 18 4 	Path 129 151 	User path 991 1171 991

Seed point: 30 25 	Path 152 172 	User path 1171 1308 1171

Seed point: 10 31 	Path 173 193 	User path 1308 1431 1308

Seed point: 3 13 	Path 194 214 	User path 1431 1541 1431

Seed point: 13 3 	Path 215 236 	User path 1541 1709 1541

Seed point: 30 16 	Path 237 257 	User path 1709 1874 1709

Seed point: 22 32 	Path 258 265 	User path 1874 1893 1874

Seed point: 15 29 	Path 266 291 	User path 1893 1927 1893

Seed point: 3 4 	Path 292 293 	User path 1927 2051 1927

Seed point: 3 3 	Path 294 294 	User path 2051 2058 2051

Seed point: 3 3 	Path 295 295 	User path 2058 2058 2058

---------------------

Print path: 



[14 9] [13 10] [12 11] [11 12] [10 12] [9 12] [8 12] 
[7 12] [6 12] [6 12] [6 12] [7 13] [8 14] [8 15] 
[8 16] [8 17] [8 18] [8 19] [8 20] [8 21] [8 22] 
[8 23] [8 24] [8 25] [8 25] [9 25] [10 25] [10 25] 
[11 25] [12 25] [13 25] [14 24] [14 24] [14 25] [14 25] 
[15 26] [16 27] [17 28] [18 29] [19 29] [20 28] [21 27] 
[22 26] [22 25] [23 24] [24 23] [25 22] [26 21] [27 20] 
[28 19] [29 18] [29 17] [29 16] [29 15] [29 14] [29 14] 
[28 13] [27 12] [26 11] [25 10] [24 9] [23 8] [22 8] 
[21 7] [20 6] [19 6] [18 5] [17 5] [16 5] [15 6] 
[14 7] [14 8] [14 9] [13 10] [12 11] [12 11] [13 12] 
[13 13] [13 14] [13 15] [13 16] [13 17] [13 18] [13 19] 
[13 20] [13 21] [14 22] [14 23] [14 24] [13 25] [12 26] 
[12 26] [12 27] [11 28] [10 29] [9 30] [9 30] [9 29] 
[9 28] [9 27] [9 26] [9 25] [9 24] [9 23] [8 22] 
[8 21] [7 20] [7 20] [7 19] [7 18] [7 17] [7 16] 
[7 15] [7 14] [7 13] [7 12] [7 11] [7 10] [8 9] 
[9 8] [10 7] [11 6] [12 5] [13 4] [14 4] [15 4] 
[16 4] [17 4] [18 4] [18 4] [19 5] [20 5] [21 6] 
[22 7] [23 8] [24 9] [25 10] [25 11] [26 12] [27 13] 
[28 14] [29 15] [30 16] [30 17] [30 18] [30 19] [30 20] 
[30 21] [30 22] [30 23] [30 24] [30 25] [30 25] [29 25] 
[28 25] [27 26] [26 27] [25 28] [24 28] [23 29] [22 30] 
[21 30] [20 30] [19 30] [18 30] [17 30] [16 31] [15 31] 
[14 31] [13 31] [12 31] [11 31] [10 31] [10 31] [9 31] 
[8 31] [7 30] [6 29] [5 28] [4 27] [3 26] [3 25] 
[3 24] [3 23] [3 22] [3 21] [3 20] [3 19] [3 18] 
[3 17] [3 16] [3 15] [3 14] [3 13] [3 13] [3 12] 
[3 11] [3 10] [3 9] [3 8] [3 7] [3 6] [3 5] 
[3 4] [3 3] [4 3] [5 3] [6 3] [7 3] [8 3] 
[9 3] [10 3] [11 3] [12 3] [13 3] [13 3] [14 3] 
[15 3] [16 4] [17 4] [18 4] [19 4] [20 4] [21 4] 
[22 4] [23 5] [24 6] [25 7] [26 8] [26 9] [27 10] 
[28 11] [28 12] [28 13] [29 14] [29 15] [30 16] [30 16] 
[30 17] [31 18] [31 19] [31 20] [31 21] [31 22] [31 23] 
[31 24] [31 25] [31 26] [31 27] [30 28] [29 29] [28 30] 
[27 31] [26 31] [25 31] [24 31] [23 31] [22 32] [22 32] 
[21 32] [20 32] [19 31] [18 30] [17 30] [16 29] [15 29] 
[15 29] [15 28] [14 27] [13 26] [12 25] [11 24] [10 23] 
[9 22] [8 21] [8 20] [8 19] [8 18] [8 17] [8 16] 
[8 15] [8 14] [8 13] [7 12] [6 11] [5 10] [4 9] 
[3 8] [3 7] [3 6] [3 5] [3 4] [3 4] [3 3] 
[3 3] [3 3] 

		Begin Printing Seed information

Seed point: 14 9 	Path 0 8 	User path 0 163 0

Seed point: 6 12 	Path 9 9 	User path 163 164 163

Seed point: 6 12 	Path 10 23 	User path 164 241 164

Seed point: 8 25 	Path 24 26 	User path 241 248 241

Seed point: 10 25 	Path 27 31 	User path 248 278 248

Seed point: 14 24 	Path 32 33 	User path 278 279 278

Seed point: 14 25 	Path 34 54 	User path 279 496 279

Seed point: 29 14 	Path 55 74 	User path 496 684 496

Seed point: 12 11 	Path 75 90 	User path 684 783 684

Seed point: 12 26 	Path 91 95 	User path 783 806 783

Seed point: 9 30 	Path 96 106 	User path 806 836 806

Seed point: 7 20 	Path 107 128 	User path 836 991 836

Seed point: 18 4 	Path 129 151 	User path 991 1171 991

Seed point: 30 25 	Path 152 172 	User path 1171 1308 1171

Seed point: 10 31 	Path 173 193 	User path 1308 1431 1308

Seed point: 3 13 	Path 194 214 	User path 1431 1541 1431

Seed point: 13 3 	Path 215 236 	User path 1541 1709 1541

Seed point: 30 16 	Path 237 257 	User path 1709 1874 1709

Seed point: 22 32 	Path 258 265 	User path 1874 1893 1874

Seed point: 15 29 	Path 266 291 	User path 1893 1927 1893

Seed point: 3 4 	Path 292 293 	User path 1927 2051 1927

Seed point: 3 3 	Path 294 294 	User path 2051 2058 2051

Seed point: 3 3 	Path 295 317 	User path 2058 2106 2058

Seed point: 3 25 	Path 318 318 	User path 2126 2126 2126

---------------------

Print path: 



[14 9] [13 10] [12 11] [11 12] [10 12] [9 12] [8 12] 
[7 12] [6 12] [6 12] [6 12] [7 13] [8 14] [8 15] 
[8 16] [8 17] [8 18] [8 19] [8 20] [8 21] [8 22] 
[8 23] [8 24] [8 25] [8 25] [9 25] [10 25] [10 25] 
[11 25] [12 25] [13 25] [14 24] [14 24] [14 25] [14 25] 
[15 26] [16 27] [17 28] [18 29] [19 29] [20 28] [21 27] 
[22 26] [22 25] [23 24] [24 23] [25 22] [26 21] [27 20] 
[28 19] [29 18] [29 17] [29 16] [29 15] [29 14] [29 14] 
[28 13] [27 12] [26 11] [25 10] [24 9] [23 8] [22 8] 
[21 7] [20 6] [19 6] [18 5] [17 5] [16 5] [15 6] 
[14 7] [14 8] [14 9] [13 10] [12 11] [12 11] [13 12] 
[13 13] [13 14] [13 15] [13 16] [13 17] [13 18] [13 19] 
[13 20] [13 21] [14 22] [14 23] [14 24] [13 25] [12 26] 
[12 26] [12 27] [11 28] [10 29] [9 30] [9 30] [9 29] 
[9 28] [9 27] [9 26] [9 25] [9 24] [9 23] [8 22] 
[8 21] [7 20] [7 20] [7 19] [7 18] [7 17] [7 16] 
[7 15] [7 14] [7 13] [7 12] [7 11] [7 10] [8 9] 
[9 8] [10 7] [11 6] [12 5] [13 4] [14 4] [15 4] 
[16 4] [17 4] [18 4] [18 4] [19 5] [20 5] [21 6] 
[22 7] [23 8] [24 9] [25 10] [25 11] [26 12] [27 13] 
[28 14] [29 15] [30 16] [30 17] [30 18] [30 19] [30 20] 
[30 21] [30 22] [30 23] [30 24] [30 25] [30 25] [29 25] 
[28 25] [27 26] [26 27] [25 28] [24 28] [23 29] [22 30] 
[21 30] [20 30] [19 30] [18 30] [17 30] [16 31] [15 31] 
[14 31] [13 31] [12 31] [11 31] [10 31] [10 31] [9 31] 
[8 31] [7 30] [6 29] [5 28] [4 27] [3 26] [3 25] 
[3 24] [3 23] [3 22] [3 21] [3 20] [3 19] [3 18] 
[3 17] [3 16] [3 15] [3 14] [3 13] [3 13] [3 12] 
[3 11] [3 10] [3 9] [3 8] [3 7] [3 6] [3 5] 
[3 4] [3 3] [4 3] [5 3] [6 3] [7 3] [8 3] 
[9 3] [10 3] [11 3] [12 3] [13 3] [13 3] [14 3] 
[15 3] [16 4] [17 4] [18 4] [19 4] [20 4] [21 4] 
[22 4] [23 5] [24 6] [25 7] [26 8] [26 9] [27 10] 
[28 11] [28 12] [28 13] [29 14] [29 15] [30 16] [30 16] 
[30 17] [31 18] [31 19] [31 20] [31 21] [31 22] [31 23] 
[31 24] [31 25] [31 26] [31 27] [30 28] [29 29] [28 30] 
[27 31] [26 31] [25 31] [24 31] [23 31] [22 32] [22 32] 
[21 32] [20 32] [19 31] [18 30] [17 30] [16 29] [15 29] 
[15 29] [15 28] [14 27] [13 26] [12 25] [11 24] [10 23] 
[9 22] [8 21] [8 20] [8 19] [8 18] [8 17] [8 16] 
[8 15] [8 14] [8 13] [7 12] [6 11] [5 10] [4 9] 
[3 8] [3 7] [3 6] [3 5] [3 4] [3 4] [3 3] 
[3 3] [3 3] [3 4] [3 5] [3 6] [3 7] [3 8] 
[3 9] [3 10] [3 11] [3 12] [3 13] [3 14] [3 15] 
[3 16] [3 17] [3 18] [3 19] [3 20] [3 21] [3 22] 
[3 23] [3 24] [3 25] [3 25] 

